This is LuaTeX, Version beta-0.80.0 (TeX Live 2015) (rev 5238)  (format=lualatex 2015.10.11)  12 OCT 2015 21:42
 restricted \write18 enabled.
**random_brute_buckets_algorithm.tex
(./random_brute_buckets_algorithm.tex
LaTeX2e <2015/10/01> patch level 1
Babel <3.9m> and hyphenation patterns for 79 languages loaded.
! Undefined control sequence.
l.1 \section
          {Random Brute Buckets}
The control sequence at the end of the top line
of your error message was never \def'ed. If you have
misspelled it (e.g., `\hobx'), type `I' and the correct
spelling (e.g., `I\hbox'). Otherwise just continue,
and I'll forget about whatever was undefined.


! LaTeX Error: Missing \begin{document}.

See the LaTeX manual or LaTeX Companion for explanation.
Type  H <return>  for immediate help.
 ...                                              
                                                  
l.1 \section{R
            andom Brute Buckets}
You're in trouble here.  Try typing  <return>  to proceed.
If that doesn't work, type  X <return>  to quit.


Overfull \hbox (20.0pt too wide) in paragraph at lines 1--3
[][]Random
 []

! Undefined control sequence.
l.4 \subsection
             {Implementation and Problems}
The control sequence at the end of the top line
of your error message was never \def'ed. If you have
misspelled it (e.g., `\hobx'), type `I' and the correct
spelling (e.g., `I\hbox'). Otherwise just continue,
and I'll forget about whatever was undefined.


! LaTeX Error: Missing \begin{document}.

See the LaTeX manual or LaTeX Companion for explanation.
Type  H <return>  for immediate help.
 ...                                              
                                                  
l.4 \subsection{I
               mplementation and Problems}
You're in trouble here.  Try typing  <return>  to proceed.
If that doesn't work, type  X <return>  to quit.


! LaTeX Error: Environment algorithm undefined.

See the LaTeX manual or LaTeX Companion for explanation.
Type  H <return>  for immediate help.
 ...                                              
                                                  
l.6 \begin{algorithm}
                   
Your command was ignored.
Type  I <command> <return>  to replace it with another command,
or  <return>  to continue without it.


! LaTeX Error: \caption outside float.

See the LaTeX manual or LaTeX Companion for explanation.
Type  H <return>  for immediate help.
 ...                                              
                                                  
l.7     \caption
              {Random Brute Buckets}
You're in trouble here.  Try typing  <return>  to proceed.
If that doesn't work, type  X <return>  to quit.


! LaTeX Error: Environment algorithmic undefined.

See the LaTeX manual or LaTeX Companion for explanation.
Type  H <return>  for immediate help.
 ...                                              
                                                  
l.9     \begin{algorithmic}
                         [1] % The number tells where the line numbering sho...
Your command was ignored.
Type  I <command> <return>  to replace it with another command,
or  <return>  to continue without it.

! Undefined control sequence.
l.10         \Procedure
                     {solve}{Graph $g$, long $iterationLimit$} \Comment{$g$ ...
The control sequence at the end of the top line
of your error message was never \def'ed. If you have
misspelled it (e.g., `\hobx'), type `I' and the correct
spelling (e.g., `I\hbox'). Otherwise just continue,
and I'll forget about whatever was undefined.

LaTeX Font Info:    External font `cmex10' loaded for size
(Font)              <7> on input line 10.
LaTeX Font Info:    External font `cmex10' loaded for size
(Font)              <5> on input line 10.
! Undefined control sequence.
l.10 ...}{Graph $g$, long $iterationLimit$} \Comment
                                                  {$g$ is predefined}
The control sequence at the end of the top line
of your error message was never \def'ed. If you have
misspelled it (e.g., `\hobx'), type `I' and the correct
spelling (e.g., `I\hbox'). Otherwise just continue,
and I'll forget about whatever was undefined.

! Undefined control sequence.
l.11 			\State
             $currentIteration \gets 0$
The control sequence at the end of the top line
of your error message was never \def'ed. If you have
misspelled it (e.g., `\hobx'), type `I' and the correct
spelling (e.g., `I\hbox'). Otherwise just continue,
and I'll forget about whatever was undefined.

! Undefined control sequence.
l.12 			\State
             $currentBestColouring \gets \infty$ \label{alg:RRB_initialColou...
The control sequence at the end of the top line
of your error message was never \def'ed. If you have
misspelled it (e.g., `\hobx'), type `I' and the correct
spelling (e.g., `I\hbox'). Otherwise just continue,
and I'll forget about whatever was undefined.

! Undefined control sequence.
l.13 			\State
             Create empty list of buckets $b$
The control sequence at the end of the top line
of your error message was never \def'ed. If you have
misspelled it (e.g., `\hobx'), type `I' and the correct
spelling (e.g., `I\hbox'). Otherwise just continue,
and I'll forget about whatever was undefined.

! Undefined control sequence.
l.14 			\While
            {$currentIteration < iterationLimit$}
The control sequence at the end of the top line
of your error message was never \def'ed. If you have
misspelled it (e.g., `\hobx'), type `I' and the correct
spelling (e.g., `I\hbox'). Otherwise just continue,
and I'll forget about whatever was undefined.

! Undefined control sequence.
l.15             		\State
                        Populate vertex set $V$
The control sequence at the end of the top line
of your error message was never \def'ed. If you have
misspelled it (e.g., `\hobx'), type `I' and the correct
spelling (e.g., `I\hbox'). Otherwise just continue,
and I'll forget about whatever was undefined.

! Undefined control sequence.
l.16             		\While
                       {$V \neq \emptyset$ \&\& $|b| < currentBestColouring$}
The control sequence at the end of the top line
of your error message was never \def'ed. If you have
misspelled it (e.g., `\hobx'), type `I' and the correct
spelling (e.g., `I\hbox'). Otherwise just continue,
and I'll forget about whatever was undefined.

! Undefined control sequence.
l.17                 		\State
                            $v \gets $random vertex from $V$ \Comment{Remove...
The control sequence at the end of the top line
of your error message was never \def'ed. If you have
misspelled it (e.g., `\hobx'), type `I' and the correct
spelling (e.g., `I\hbox'). Otherwise just continue,
and I'll forget about whatever was undefined.

! Undefined control sequence.
l.17 ...te $v \gets $random vertex from $V$ \Comment
                                                  {Remove $v$ from $V$}
The control sequence at the end of the top line
of your error message was never \def'ed. If you have
misspelled it (e.g., `\hobx'), type `I' and the correct
spelling (e.g., `I\hbox'). Otherwise just continue,
and I'll forget about whatever was undefined.

! Undefined control sequence.
l.18 					\State
               $vertexPlaced \gets FALSE$
The control sequence at the end of the top line
of your error message was never \def'ed. If you have
misspelled it (e.g., `\hobx'), type `I' and the correct
spelling (e.g., `I\hbox'). Otherwise just continue,
and I'll forget about whatever was undefined.

! Undefined control sequence.
l.19                 		\ForAll
                            {$bucket \in b$}
The control sequence at the end of the top line
of your error message was never \def'ed. If you have
misspelled it (e.g., `\hobx'), type `I' and the correct
spelling (e.g., `I\hbox'). Otherwise just continue,
and I'll forget about whatever was undefined.

! Undefined control sequence.
l.20                 			\If
                         {$bucket$ contains no conflicts with $v$}
The control sequence at the end of the top line
of your error message was never \def'ed. If you have
misspelled it (e.g., `\hobx'), type `I' and the correct
spelling (e.g., `I\hbox'). Otherwise just continue,
and I'll forget about whatever was undefined.

! Undefined control sequence.
l.21                 				\State
                              add $v$ to $bucket$
The control sequence at the end of the top line
of your error message was never \def'ed. If you have
misspelled it (e.g., `\hobx'), type `I' and the correct
spelling (e.g., `I\hbox'). Otherwise just continue,
and I'll forget about whatever was undefined.

! Undefined control sequence.
l.22                 				\State
                              $vertexPlaced \gets TRUE$
The control sequence at the end of the top line
of your error message was never \def'ed. If you have
misspelled it (e.g., `\hobx'), type `I' and the correct
spelling (e.g., `I\hbox'). Otherwise just continue,
and I'll forget about whatever was undefined.

! Undefined control sequence.
l.23                 				\State
                              \textbf{break for}
The control sequence at the end of the top line
of your error message was never \def'ed. If you have
misspelled it (e.g., `\hobx'), type `I' and the correct
spelling (e.g., `I\hbox'). Otherwise just continue,
and I'll forget about whatever was undefined.

! Undefined control sequence.
l.24                 			\Else
                            \textbf{ continue}
The control sequence at the end of the top line
of your error message was never \def'ed. If you have
misspelled it (e.g., `\hobx'), type `I' and the correct
spelling (e.g., `I\hbox'). Otherwise just continue,
and I'll forget about whatever was undefined.

! Undefined control sequence.
l.25                 			\EndIf
                            
The control sequence at the end of the top line
of your error message was never \def'ed. If you have
misspelled it (e.g., `\hobx'), type `I' and the correct
spelling (e.g., `I\hbox'). Otherwise just continue,
and I'll forget about whatever was undefined.

! Undefined control sequence.
l.26                 		\EndFor
                            
The control sequence at the end of the top line
of your error message was never \def'ed. If you have
misspelled it (e.g., `\hobx'), type `I' and the correct
spelling (e.g., `I\hbox'). Otherwise just continue,
and I'll forget about whatever was undefined.

! Undefined control sequence.
l.27                 		\If
                        {!$vertexPlaced$} \Comment{create a place for the ve...
The control sequence at the end of the top line
of your error message was never \def'ed. If you have
misspelled it (e.g., `\hobx'), type `I' and the correct
spelling (e.g., `I\hbox'). Otherwise just continue,
and I'll forget about whatever was undefined.

! Undefined control sequence.
l.27                 		\If{!$vertexPlaced$} \Comment
                                                  {create a place for the ve...
The control sequence at the end of the top line
of your error message was never \def'ed. If you have
misspelled it (e.g., `\hobx'), type `I' and the correct
spelling (e.g., `I\hbox'). Otherwise just continue,
and I'll forget about whatever was undefined.

! Undefined control sequence.
l.28                 			\State
                             create new bucket $b_0$
The control sequence at the end of the top line
of your error message was never \def'ed. If you have
misspelled it (e.g., `\hobx'), type `I' and the correct
spelling (e.g., `I\hbox'). Otherwise just continue,
and I'll forget about whatever was undefined.

! Undefined control sequence.
l.29                 			\State
                             add $v$ to $b_0$
The control sequence at the end of the top line
of your error message was never \def'ed. If you have
misspelled it (e.g., `\hobx'), type `I' and the correct
spelling (e.g., `I\hbox'). Otherwise just continue,
and I'll forget about whatever was undefined.

! Undefined control sequence.
l.30                 			\State
                             add $b_0$ to $b$
The control sequence at the end of the top line
of your error message was never \def'ed. If you have
misspelled it (e.g., `\hobx'), type `I' and the correct
spelling (e.g., `I\hbox'). Otherwise just continue,
and I'll forget about whatever was undefined.

! Undefined control sequence.
l.31                 		\EndIf
                           
The control sequence at the end of the top line
of your error message was never \def'ed. If you have
misspelled it (e.g., `\hobx'), type `I' and the correct
spelling (e.g., `I\hbox'). Otherwise just continue,
and I'll forget about whatever was undefined.

! Undefined control sequence.
l.32                 	\EndWhile
                             
The control sequence at the end of the top line
of your error message was never \def'ed. If you have
misspelled it (e.g., `\hobx'), type `I' and the correct
spelling (e.g., `I\hbox'). Otherwise just continue,
and I'll forget about whatever was undefined.

! Undefined control sequence.
l.33             		\If
                    {$|b| < currentBestColouring$}
The control sequence at the end of the top line
of your error message was never \def'ed. If you have
misspelled it (e.g., `\hobx'), type `I' and the correct
spelling (e.g., `I\hbox'). Otherwise just continue,
and I'll forget about whatever was undefined.

! Undefined control sequence.
l.34             			\State
                         $currentBestColouring = |b|$
The control sequence at the end of the top line
of your error message was never \def'ed. If you have
misspelled it (e.g., `\hobx'), type `I' and the correct
spelling (e.g., `I\hbox'). Otherwise just continue,
and I'll forget about whatever was undefined.

! Undefined control sequence.
l.35             		\EndIf
                       
The control sequence at the end of the top line
of your error message was never \def'ed. If you have
misspelled it (e.g., `\hobx'), type `I' and the correct
spelling (e.g., `I\hbox'). Otherwise just continue,
and I'll forget about whatever was undefined.

! Undefined control sequence.
l.36             \EndWhile
                        
The control sequence at the end of the top line
of your error message was never \def'ed. If you have
misspelled it (e.g., `\hobx'), type `I' and the correct
spelling (e.g., `I\hbox'). Otherwise just continue,
and I'll forget about whatever was undefined.

! Undefined control sequence.
l.37             \State
                      \textbf{return} currentBestColouring
The control sequence at the end of the top line
of your error message was never \def'ed. If you have
misspelled it (e.g., `\hobx'), type `I' and the correct
spelling (e.g., `I\hbox'). Otherwise just continue,
and I'll forget about whatever was undefined.

! Undefined control sequence.
l.38         \EndProcedure
                        
The control sequence at the end of the top line
of your error message was never \def'ed. If you have
misspelled it (e.g., `\hobx'), type `I' and the correct
spelling (e.g., `I\hbox'). Otherwise just continue,
and I'll forget about whatever was undefined.


! LaTeX Error: \begin{document} ended by \end{algorithmic}.

See the LaTeX manual or LaTeX Companion for explanation.
Type  H <return>  for immediate help.
 ...                                              
                                                  
l.39     \end{algorithmic}
                        
Your command was ignored.
Type  I <command> <return>  to replace it with another command,
or  <return>  to continue without it.


! LaTeX Error: \begin{document} ended by \end{algorithm}.

See the LaTeX manual or LaTeX Companion for explanation.
Type  H <return>  for immediate help.
 ...                                              
                                                  
l.40 \end{algorithm}
                  
Your command was ignored.
Type  I <command> <return>  to replace it with another command,
or  <return>  to continue without it.


Overfull \hbox (20.0pt too wide) in paragraph at lines 4--41
[][]Implementation
 []


Overfull \hbox (5.12846pt too wide) in paragraph at lines 4--41
\OML/cmm/m/it/10 g$\nullfont ,
 []


Overfull \hbox (65.78067pt too wide) in paragraph at lines 4--41
\OML/cmm/m/it/10 iterationLimit$
 []


Overfull \hbox (5.12846pt too wide) in paragraph at lines 4--41
\OML/cmm/m/it/10 g$
 []


Overfull \hbox (88.10733pt too wide) in paragraph at lines 4--41
\OML/cmm/m/it/10 currentIteration \OMS/cmsy/m/n/10  
 []


Overfull \hbox (5.00002pt too wide) in paragraph at lines 4--41
\OT1/cmr/m/n/10 0$
 []


Overfull \hbox (113.54742pt too wide) in paragraph at lines 4--41
\OML/cmm/m/it/10 currentBestColouring \OMS/cmsy/m/n/10  
 []


Overfull \hbox (10.00002pt too wide) in paragraph at lines 4--41
\OMS/cmsy/m/n/10 1$
 []


Overfull \hbox (4.29166pt too wide) in paragraph at lines 4--41
\OML/cmm/m/it/10 b$
 []


Overfull \hbox (85.88512pt too wide) in paragraph at lines 4--41
\OML/cmm/m/it/10 currentIteration <
 []


Overfull \hbox (65.78067pt too wide) in paragraph at lines 4--41
\OML/cmm/m/it/10 iterationLimit$
 []


Overfull \hbox (8.05556pt too wide) in paragraph at lines 4--41
\OML/cmm/m/it/10 V$
 []


Overfull \hbox (18.61107pt too wide) in paragraph at lines 4--41
\OML/cmm/m/it/10 V \OMS/cmsy/m/n/10 6\OT1/cmr/m/n/10 =
 []


Overfull \hbox (5.00002pt too wide) in paragraph at lines 4--41
\OMS/cmsy/m/n/10 ;$
 []


Overfull \hbox (20.40274pt too wide) in paragraph at lines 4--41
\OMS/cmsy/m/n/10 j\OML/cmm/m/it/10 b\OMS/cmsy/m/n/10 j \OML/cmm/m/it/10 <
 []


Overfull \hbox (100.7697pt too wide) in paragraph at lines 4--41
\OML/cmm/m/it/10 currentBestColouring$
 []


Overfull \hbox (17.98373pt too wide) in paragraph at lines 4--41
\OML/cmm/m/it/10 v \OMS/cmsy/m/n/10  $\nullfont random
 []


Overfull \hbox (8.05556pt too wide) in paragraph at lines 4--41
\OML/cmm/m/it/10 V$
 []


Overfull \hbox (5.20601pt too wide) in paragraph at lines 4--41
\OML/cmm/m/it/10 v$
 []


Overfull \hbox (8.05556pt too wide) in paragraph at lines 4--41
\OML/cmm/m/it/10 V$
 []


Overfull \hbox (71.8762pt too wide) in paragraph at lines 4--41
\OML/cmm/m/it/10 vertexPlaced \OMS/cmsy/m/n/10  
 []


Overfull \hbox (36.79167pt too wide) in paragraph at lines 4--41
\OML/cmm/m/it/10 FALSE$
 []


Overfull \hbox (37.57642pt too wide) in paragraph at lines 4--41
\OML/cmm/m/it/10 bucket \OMS/cmsy/m/n/10 2
 []


Overfull \hbox (4.29166pt too wide) in paragraph at lines 4--41
\OML/cmm/m/it/10 b$
 []


Overfull \hbox (28.13202pt too wide) in paragraph at lines 4--41
\OML/cmm/m/it/10 bucket$
 []


Overfull \hbox (5.20601pt too wide) in paragraph at lines 4--41
\OML/cmm/m/it/10 v$
 []


Overfull \hbox (5.20601pt too wide) in paragraph at lines 4--41
\OML/cmm/m/it/10 v$
 []


Overfull \hbox (28.13202pt too wide) in paragraph at lines 4--41
\OML/cmm/m/it/10 bucket$
 []


Overfull \hbox (71.8762pt too wide) in paragraph at lines 4--41
\OML/cmm/m/it/10 vertexPlaced \OMS/cmsy/m/n/10  
 []


Overfull \hbox (30.77914pt too wide) in paragraph at lines 4--41
\OML/cmm/m/it/10 TRUE$
 []


Overfull \hbox (28.0554pt too wide) in paragraph at lines 4--41
\OT1/cmr/bx/n/10 break
 []


Overfull \hbox (13.99994pt too wide) in paragraph at lines 4--41
\OT1/cmr/bx/n/10 for
 []


Overfull \hbox (21.08322pt too wide) in paragraph at lines 4--41
\OT1/cmr/bx/n/10 con-
 []


Overfull \hbox (25.3957pt too wide) in paragraph at lines 4--41
\OT1/cmr/bx/n/10 tinue
 []


Overfull \hbox (59.09848pt too wide) in paragraph at lines 4--41
!$\OML/cmm/m/it/10 vertexPlaced$
 []


Overfull \hbox (8.77779pt too wide) in paragraph at lines 4--41
\OML/cmm/m/it/10 b[]$
 []


Overfull \hbox (5.20601pt too wide) in paragraph at lines 4--41
\OML/cmm/m/it/10 v$
 []


Overfull \hbox (8.77779pt too wide) in paragraph at lines 4--41
\OML/cmm/m/it/10 b[]$
 []


Overfull \hbox (8.77779pt too wide) in paragraph at lines 4--41
\OML/cmm/m/it/10 b[]$
 []


Overfull \hbox (4.29166pt too wide) in paragraph at lines 4--41
\OML/cmm/m/it/10 b$
 []


Overfull \hbox (20.40274pt too wide) in paragraph at lines 4--41
\OMS/cmsy/m/n/10 j\OML/cmm/m/it/10 b\OMS/cmsy/m/n/10 j \OML/cmm/m/it/10 <
 []


Overfull \hbox (100.7697pt too wide) in paragraph at lines 4--41
\OML/cmm/m/it/10 currentBestColouring$
 []


Overfull \hbox (111.32521pt too wide) in paragraph at lines 4--41
\OML/cmm/m/it/10 currentBestColouring \OT1/cmr/m/n/10 =
 []


Overfull \hbox (9.84723pt too wide) in paragraph at lines 4--41
\OMS/cmsy/m/n/10 j\OML/cmm/m/it/10 b\OMS/cmsy/m/n/10 j$
 []


Overfull \hbox (13.84023pt too wide) in paragraph at lines 4--41
\OT1/cmr/bx/n/10 re-
 []


Overfull \hbox (21.98601pt too wide) in paragraph at lines 4--41
\OT1/cmr/bx/n/10 turn
 []


! LaTeX Error: Missing \begin{document}.

See the LaTeX manual or LaTeX Companion for explanation.
Type  H <return>  for immediate help.
 ...                                              
                                                  
l.42 T
    his algorithm always improves upon the best colouring (which is initiall...
You're in trouble here.  Try typing  <return>  to proceed.
If that doesn't work, type  X <return>  to quit.

! Undefined control sequence.
<write> ...ce `alg:RRB_initialColouring' on page \thepage 
                                                  \space undefined\on@line .
l.42 ...nfty$ on line \ref{alg:RRB_initialColouring}
                                                  ) in the first iteration, ...
The control sequence at the end of the top line
of your error message was never \def'ed. If you have
misspelled it (e.g., `\hobx'), type `I' and the correct
spelling (e.g., `I\hbox'). Otherwise just continue,
and I'll forget about whatever was undefined.


LaTeX Warning: Reference `alg:RRB_initialColouring' on page  undefined on input 
line 42.


Overfull \hbox (20.0pt too wide) in paragraph at lines 42--43
[][]This
 []


Overfull \hbox (10.00002pt too wide) in paragraph at lines 42--43
\OMS/cmsy/m/n/10 1$
 []


Overfull \hbox (10.86105pt too wide) in paragraph at lines 42--43
[])
 []

! Undefined control sequence.
l.45 \subsection
              {Workarounds}
The control sequence at the end of the top line
of your error message was never \def'ed. If you have
misspelled it (e.g., `\hobx'), type `I' and the correct
spelling (e.g., `I\hbox'). Otherwise just continue,
and I'll forget about whatever was undefined.


! LaTeX Error: Missing \begin{document}.

See the LaTeX manual or LaTeX Companion for explanation.
Type  H <return>  for immediate help.
 ...                                              
                                                  
l.45 \subsection{W
                orkarounds}
You're in trouble here.  Try typing  <return>  to proceed.
If that doesn't work, type  X <return>  to quit.

! Undefined control sequence.
l.46 \subsection
              {Additions}
The control sequence at the end of the top line
of your error message was never \def'ed. If you have
misspelled it (e.g., `\hobx'), type `I' and the correct
spelling (e.g., `I\hbox'). Otherwise just continue,
and I'll forget about whatever was undefined.

)
! Emergency stop.
<*> random_brute_buckets_algorithm.tex
                                   
*** (job aborted, no legal \end found)



Here is how much of LuaTeX's memory you used:
 28 strings out of 494897
 100000,89155 words of node,token memory allocated 9678 words of node memory still in use:
   80 hlist, 2 disc, 31 math, 302 glue, 75 kern, 20 penalty, 1130 glyph, 73 glue
_spec, 1 temp, 2 write, 4 local_par, 1 dir nodes
   avail lists: 1:1,2:11,3:17,4:6,5:1,7:98,10:71
 3802 multiletter control sequences out of 65536+600000
 26 fonts using 1033735 bytes
 18i,2n,14p,476b,78s stack positions out of 5000i,500n,10000p,200000b,100000s
!  ==> Fatal error occurred, no output PDF file produced!
