This is LuaTeX, Version beta-0.80.0 (TeX Live 2015) (rev 5238)  (format=lualatex 2015.10.11)  30 OCT 2015 22:33
 restricted \write18 enabled.
**results_discussion.tex
(./results_discussion.tex
LaTeX2e <2015/10/01> patch level 1
Babel <3.9m> and hyphenation patterns for 79 languages loaded.
! Undefined control sequence.
l.1 \chapter
          {Results \& Discussion}
The control sequence at the end of the top line
of your error message was never \def'ed. If you have
misspelled it (e.g., `\hobx'), type `I' and the correct
spelling (e.g., `I\hbox'). Otherwise just continue,
and I'll forget about whatever was undefined.


! LaTeX Error: Missing \begin{document}.

See the LaTeX manual or LaTeX Companion for explanation.
Type  H <return>  for immediate help.
 ...                                              
                                                  
l.1 \chapter{R
            esults \& Discussion}
You're in trouble here.  Try typing  <return>  to proceed.
If that doesn't work, type  X <return>  to quit.


Overfull \hbox (20.0pt too wide) in paragraph at lines 1--2
[][]Results
 []


! LaTeX Error: Missing \begin{document}.

See the LaTeX manual or LaTeX Companion for explanation.
Type  H <return>  for immediate help.
 ...                                              
                                                  
l.3 T
   he algorithms were run in an unmanaged Ubuntu 14.04 cloud server over the...
You're in trouble here.  Try typing  <return>  to proceed.
If that doesn't work, type  X <return>  to quit.

LaTeX Font Info:    External font `cmex10' loaded for size
(Font)              <7> on input line 3.
LaTeX Font Info:    External font `cmex10' loaded for size
(Font)              <5> on input line 3.

Overfull \hbox (20.0pt too wide) in paragraph at lines 3--4
[][]The
 []


Overfull \hbox (16.11116pt too wide) in paragraph at lines 3--4
\OT1/cmr/m/n/10  +
 []


Overfull \hbox (5.00002pt too wide) in paragraph at lines 3--4
\OT1/cmr/m/n/10 1$\nullfont ,
 []


Overfull \hbox (12.26659pt too wide) in paragraph at lines 3--4
\OT1/cmr/m/it/10 in-
 []


Overfull \hbox (9.19994pt too wide) in paragraph at lines 3--4
\OT1/cmr/m/it/10 fi-
 []


Overfull \hbox (16.611pt too wide) in paragraph at lines 3--4
\OT1/cmr/m/it/10 nite
 []

! Undefined control sequence.
l.5 \section
          {Algorithms}
The control sequence at the end of the top line
of your error message was never \def'ed. If you have
misspelled it (e.g., `\hobx'), type `I' and the correct
spelling (e.g., `I\hbox'). Otherwise just continue,
and I'll forget about whatever was undefined.


! LaTeX Error: Missing \begin{document}.

See the LaTeX manual or LaTeX Companion for explanation.
Type  H <return>  for immediate help.
 ...                                              
                                                  
l.5 \section{A
            lgorithms}
You're in trouble here.  Try typing  <return>  to proceed.
If that doesn't work, type  X <return>  to quit.

! Undefined control sequence.
\@footnotetext ...tins {\reset@font \footnotesize 
                                                  \interlinepenalty \interfo...
l.6 ...oblems: Max Clique, Graph Coloring, and SAT.}
                                                   were run successively for...
The control sequence at the end of the top line
of your error message was never \def'ed. If you have
misspelled it (e.g., `\hobx'), type `I' and the correct
spelling (e.g., `I\hbox'). Otherwise just continue,
and I'll forget about whatever was undefined.

! Undefined control sequence.
\@footnotetext ...}\color@begingroup \@makefntext 
                                                  {\rule \z@ \footnotesep \i...
l.6 ...oblems: Max Clique, Graph Coloring, and SAT.}
                                                   were run successively for...
The control sequence at the end of the top line
of your error message was never \def'ed. If you have
misspelled it (e.g., `\hobx'), type `I' and the correct
spelling (e.g., `I\hbox'). Otherwise just continue,
and I'll forget about whatever was undefined.


Overfull \hbox (17.80559pt too wide) in paragraph at lines 6--6
[][][]\OT1/cmr/m/n/10 pro-
 []


Overfull \hbox (23.61118pt too wide) in paragraph at lines 6--6
\OT1/cmr/m/n/10 vided
 []


Overfull \hbox (11.97226pt too wide) in paragraph at lines 6--6
\OT1/cmr/m/n/10 for
 []


Overfull \hbox (13.88892pt too wide) in paragraph at lines 6--6
\OT1/cmr/m/n/10 the
 []


Overfull \hbox (23.33339pt too wide) in paragraph at lines 6--6
\OT1/cmr/m/n/10 1992-
 []


Overfull \hbox (20.00006pt too wide) in paragraph at lines 6--6
\OT1/cmr/m/n/10 1992
 []


Overfull \hbox (14.58334pt too wide) in paragraph at lines 6--6
\OT1/cmr/m/n/10 DI-
 []


Overfull \hbox (29.16672pt too wide) in paragraph at lines 6--6
\OT1/cmr/m/n/10 MACS
 []


Overfull \hbox (15.2778pt too wide) in paragraph at lines 6--6
\OT1/cmr/m/n/10 Im-
 []


Overfull \hbox (16.11113pt too wide) in paragraph at lines 6--6
\OT1/cmr/m/n/10 ple-
 []


Overfull \hbox (21.6667pt too wide) in paragraph at lines 6--6
\OT1/cmr/m/n/10 men-
 []


Overfull \hbox (12.22224pt too wide) in paragraph at lines 6--6
\OT1/cmr/m/n/10 ta-
 []


Overfull \hbox (17.22227pt too wide) in paragraph at lines 6--6
\OT1/cmr/m/n/10 tion
 []


Overfull \hbox (23.88893pt too wide) in paragraph at lines 6--6
\OT1/cmr/m/n/10 Chal-
 []


Overfull \hbox (22.77783pt too wide) in paragraph at lines 6--6
\OT1/cmr/m/n/10 lange
 []


Overfull \hbox (11.97226pt too wide) in paragraph at lines 6--6
\OT1/cmr/m/n/10 for
 []


Overfull \hbox (17.63892pt too wide) in paragraph at lines 6--6
\OT1/cmr/m/n/10 NP-
 []


Overfull \hbox (21.97227pt too wide) in paragraph at lines 6--6
\OT1/cmr/m/n/10 Hard
 []


Overfull \hbox (24.61116pt too wide) in paragraph at lines 6--6
\OT1/cmr/m/n/10 Prob-
 []


Overfull \hbox (22.27782pt too wide) in paragraph at lines 6--6
\OT1/cmr/m/n/10 lems:
 []


Overfull \hbox (19.4445pt too wide) in paragraph at lines 6--6
\OT1/cmr/m/n/10 Max
 []


Overfull \hbox (30.83339pt too wide) in paragraph at lines 6--6
\OT1/cmr/m/n/10 Clique,
 []


Overfull \hbox (27.87506pt too wide) in paragraph at lines 6--6
\OT1/cmr/m/n/10 Graph
 []


Overfull \hbox (18.33336pt too wide) in paragraph at lines 6--6
\OT1/cmr/m/n/10 Col-
 []


Overfull \hbox (12.25002pt too wide) in paragraph at lines 6--6
\OT1/cmr/m/n/10 or-
 []


Overfull \hbox (16.11116pt too wide) in paragraph at lines 6--6
\OT1/cmr/m/n/10 ing,
 []


Overfull \hbox (16.11116pt too wide) in paragraph at lines 6--6
\OT1/cmr/m/n/10 and
 []


Overfull \hbox (22.22226pt too wide) in paragraph at lines 6--6
\OT1/cmr/m/n/10 SAT.| 
 []

! Undefined control sequence.
<write> ...ning: Reference `res:timeToK' on page \thepage 
                                                  \space undefined\on@line .
l.6 ...colouring is shown in Table \ref{res:timeToK}
                                                  . The total runtimes for e...
The control sequence at the end of the top line
of your error message was never \def'ed. If you have
misspelled it (e.g., `\hobx'), type `I' and the correct
spelling (e.g., `I\hbox'). Otherwise just continue,
and I'll forget about whatever was undefined.


LaTeX Warning: Reference `res:timeToK' on page  undefined on input line 6.

! Undefined control sequence.
<write> ...g: Reference `res:timeToFail' on page \thepage 
                                                  \space undefined\on@line .
l.6 ...rithm are shown in Table \ref{res:timeToFail}
                                                  , signifying the amount of...
The control sequence at the end of the top line
of your error message was never \def'ed. If you have
misspelled it (e.g., `\hobx'), type `I' and the correct
spelling (e.g., `I\hbox'). Otherwise just continue,
and I'll forget about whatever was undefined.


LaTeX Warning: Reference `res:timeToFail' on page  undefined on input line 6.


! LaTeX Error: Environment table undefined.

See the LaTeX manual or LaTeX Companion for explanation.
Type  H <return>  for immediate help.
 ...                                              
                                                  
l.7 \begin{table}
               [H]
Your command was ignored.
Type  I <command> <return>  to replace it with another command,
or  <return>  to continue without it.


! LaTeX Error: \caption outside float.

See the LaTeX manual or LaTeX Companion for explanation.
Type  H <return>  for immediate help.
 ...                                              
                                                  
l.48 \caption
           {Results showing the time taken for the algorithm to find a valid...
You're in trouble here.  Try typing  <return>  to proceed.
If that doesn't work, type  X <return>  to quit.


! LaTeX Error: \begin{document} ended by \end{table}.

See the LaTeX manual or LaTeX Companion for explanation.
Type  H <return>  for immediate help.
 ...                                              
                                                  
l.50 \end{table}
              
Your command was ignored.
Type  I <command> <return>  to replace it with another command,
or  <return>  to continue without it.


Overfull \hbox (20.0pt too wide) in paragraph at lines 5--51
[][]Algorithms
 []


Overfull \hbox (4.48613pt too wide) in paragraph at lines 5--51
graphs[]
 []


Overfull \hbox (10.86105pt too wide) in paragraph at lines 5--51
[].
 []


Overfull \hbox (10.86105pt too wide) in paragraph at lines 5--51
[],
 []


Overfull \hbox (31.81245pt too wide) in paragraph at lines 5--51
[]
 []


! LaTeX Error: Environment table undefined.

See the LaTeX manual or LaTeX Companion for explanation.
Type  H <return>  for immediate help.
 ...                                              
                                                  
l.52 \begin{table}
                [H]
Your command was ignored.
Type  I <command> <return>  to replace it with another command,
or  <return>  to continue without it.


! LaTeX Error: Missing \begin{document}.

See the LaTeX manual or LaTeX Companion for explanation.
Type  H <return>  for immediate help.
 ...                                              
                                                  
l.52 \begin{table}[
                 H]
You're in trouble here.  Try typing  <return>  to proceed.
If that doesn't work, type  X <return>  to quit.


! LaTeX Error: \caption outside float.

See the LaTeX manual or LaTeX Companion for explanation.
Type  H <return>  for immediate help.
 ...                                              
                                                  
l.84 \caption
           {Results of algorithms attempts at finding a better solution (and...
You're in trouble here.  Try typing  <return>  to proceed.
If that doesn't work, type  X <return>  to quit.


! LaTeX Error: \begin{document} ended by \end{table}.

See the LaTeX manual or LaTeX Companion for explanation.
Type  H <return>  for immediate help.
 ...                                              
                                                  
l.86 \end{table}
              
Your command was ignored.
Type  I <command> <return>  to replace it with another command,
or  <return>  to continue without it.


Overfull \hbox (20.0pt too wide) in paragraph at lines 52--87
[][][H]
 []


Overfull \hbox (36.40968pt too wide) in paragraph at lines 52--87
[]
 []


! LaTeX Error: Missing \begin{document}.

See the LaTeX manual or LaTeX Companion for explanation.
Type  H <return>  for immediate help.
 ...                                              
                                                  
l.88 I
    t is interesting to note that the successive augmentation algorithm RBB ...
You're in trouble here.  Try typing  <return>  to proceed.
If that doesn't work, type  X <return>  to quit.


Overfull \hbox (20.0pt too wide) in paragraph at lines 88--89
[][]It
 []


Overfull \hbox (26.06645pt too wide) in paragraph at lines 88--89
\OT1/cmr/m/it/10 speeds
 []


Overfull \hbox (10.47772pt too wide) in paragraph at lines 88--89
\OT1/cmr/m/it/10 up
 []


! LaTeX Error: Missing \begin{document}.

See the LaTeX manual or LaTeX Companion for explanation.
Type  H <return>  for immediate help.
 ...                                              
                                                  
l.90 E
    ach solver was seen to struggle when faced with graphs with a complex ge...
You're in trouble here.  Try typing  <return>  to proceed.
If that doesn't work, type  X <return>  to quit.


Overfull \hbox (20.0pt too wide) in paragraph at lines 90--91
[][]Each
 []


! LaTeX Error: Missing \begin{document}.

See the LaTeX manual or LaTeX Companion for explanation.
Type  H <return>  for immediate help.
 ...                                              
                                                  
l.92 N
    ote that the runtimes marked ($^\star$) were terminated at maximal runti...
You're in trouble here.  Try typing  <return>  to proceed.
If that doesn't work, type  X <return>  to quit.


Overfull \hbox (20.0pt too wide) in paragraph at lines 92--93
[][]Note
 []


Overfull \hbox (4.59723pt too wide) in paragraph at lines 92--93
($[][]$)
 []


! LaTeX Error: Missing \begin{document}.

See the LaTeX manual or LaTeX Companion for explanation.
Type  H <return>  for immediate help.
 ...                                              
                                                  
l.94 \
    
You're in trouble here.  Try typing  <return>  to proceed.
If that doesn't work, type  X <return>  to quit.


Overfull \hbox (20.0pt too wide) in paragraph at lines 94--95
[][] 
 []

! Undefined control sequence.
l.96 \includegraphics
                   [height=0.5\textheight]{a1-mulsol-i-3-col}
The control sequence at the end of the top line
of your error message was never \def'ed. If you have
misspelled it (e.g., `\hobx'), type `I' and the correct
spelling (e.g., `I\hbox'). Otherwise just continue,
and I'll forget about whatever was undefined.


! LaTeX Error: Missing \begin{document}.

See the LaTeX manual or LaTeX Companion for explanation.
Type  H <return>  for immediate help.
 ...                                              
                                                  
l.96 \includegraphics[
                    height=0.5\textheight]{a1-mulsol-i-3-col}
You're in trouble here.  Try typing  <return>  to proceed.
If that doesn't work, type  X <return>  to quit.

! Missing number, treated as zero.
<to be read again> 
]
l.96 \includegraphics[height=0.5\textheight]
                                          {a1-mulsol-i-3-col}
A number should have been here; I inserted `0'.
(If you can't figure out why I needed to see a number,
look up `weird error' in the index to The TeXbook.)

! Illegal unit of measure (pt inserted).
<to be read again> 
]
l.96 \includegraphics[height=0.5\textheight]
                                          {a1-mulsol-i-3-col}
Dimensions can be in units of em, ex, in, pt, pc,
cm, mm, dd, cc, nd, nc, bp, or sp; but yours is a new one!
I'll assume that you meant to say pt, for printer's points.
To recover gracefully from this error, it's best to
delete the erroneous units; e.g., type `2' to delete
two letters. (See Chapter 27 of The TeXbook.)

! Undefined control sequence.
l.97 \includegraphics
                   [height=0.5\textheight]{a5-queen7_7-col}
The control sequence at the end of the top line
of your error message was never \def'ed. If you have
misspelled it (e.g., `\hobx'), type `I' and the correct
spelling (e.g., `I\hbox'). Otherwise just continue,
and I'll forget about whatever was undefined.

! Missing number, treated as zero.
<to be read again> 
]
l.97 \includegraphics[height=0.5\textheight]
                                          {a5-queen7_7-col}
A number should have been here; I inserted `0'.
(If you can't figure out why I needed to see a number,
look up `weird error' in the index to The TeXbook.)

! Illegal unit of measure (pt inserted).
<to be read again> 
]
l.97 \includegraphics[height=0.5\textheight]
                                          {a5-queen7_7-col}
Dimensions can be in units of em, ex, in, pt, pc,
cm, mm, dd, cc, nd, nc, bp, or sp; but yours is a new one!
I'll assume that you meant to say pt, for printer's points.
To recover gracefully from this error, it's best to
delete the erroneous units; e.g., type `2' to delete
two letters. (See Chapter 27 of The TeXbook.)

! Missing $ inserted.
<inserted text> 
$
l.97 ...degraphics[height=0.5\textheight]{a5-queen7_
                                                  7-col}
I've inserted a begin-math/end-math symbol since I think
you left one out. Proceed, with fingers crossed.

! Extra }, or forgotten $.
l.97 ...hics[height=0.5\textheight]{a5-queen7_7-col}
                                                  
I've deleted a group-closing symbol because it seems to be
spurious, as in `$x}$'. But perhaps the } is legitimate and
you forgot something else, as in `\hbox{$x}'. In such cases
the way to recover is to insert both the forgotten and the
deleted material, e.g., by typing `I$}'.

)
! Emergency stop.
<*> results_discussion.tex
                       
*** (job aborted, no legal \end found)



Here is how much of LuaTeX's memory you used:
 30 strings out of 494897
 100000,89155 words of node,token memory allocated 45873 words of node memory still in use:
   482 hlist, 23 vlist, 190 rule, 1 ins, 14 disc, 27 math, 2620 glue, 28 kern, 5
3 penalty, 5 noad, 5 math_char, 1 sub_mlist, 4046 glyph, 1 page_insert, 1123 glu
e_spec, 2 temp, 4 write, 10 local_par, 2 dir nodes
   avail lists: 2:11,7:143,10:112
 3803 multiletter control sequences out of 65536+600000
 27 fonts using 1072951 bytes
 18i,7n,14p,991b,106s stack positions out of 5000i,500n,10000p,200000b,100000s
!  ==> Fatal error occurred, no output PDF file produced!
